Schema: 31
UID:    {1427CBA2-0383-4A74-A2DF-4C7F428947B3}
Vrs1:   Version 23.0.0 [40,00,00,20,35]
Date1:  2023-03-26 23:41:55.865940
Vrs2:   Version 23.0.0 [40,00,00,F0,23]
Date2:  2023-03-26 23:41:55.865940
Document N:\Templates\BaseTemplates\Metric\Standard (mm).ipt was created using in-development software (11.0 Internal) and cannot be opened using production or beta software.
File Schema: 11.0.9000.24900
Software Schema: 11.0.0.27500
Saved From: 11.0 Internal
Saved On: Feb 15 14:53:15 2006
segInfo:
	UID:   {None}
	Date:  None
	Text:  ''
	U16:   000
	Text2: ''
	arr1:  [049,004]
	arr2:  []
	arr3:  []
	arr4:  []
	UID1:
		[00]: 'RDxPart'
		[01]: 'RDxPlane'
		[02]: 'RDxLine3'
		[03]: 'RDxPoint3'
		[04]: 'RDxBody'
		[05]: 'RDxPlanarSketch'
		[06]: 'RDxPoint2'
		[07]: 'RDxLine2'
		[08]: 'RDxArc2'
		[09]: 'RDxFeature'
		[0A]: 'FWxRenderingStyle'
		[0B]: 'NMxFaceMergeData'
		[0C]: 'MIxTransactablePartition'
		[0D]: 'RSeAcisEntityWrapper'
		[0E]: '9DC2A241-11D2-99CC-A000-2AA976D456C9'
		[0F]: 'RDxStopNode'
		[10]: 'RDxBrowserFolder'
		[11]: '_BodiesFolder'
		[12]: 'NBxNotebook'
		[13]: 'MIxBrepComponent'
		[14]: 'RSeAcisEntityContainer'
		[15]: 'PMxEntryManager'
		[16]: '_ViewDirectionCollection'
		[17]: 'NBxEntry'
	UID2:
		[00]: 'UCxComponentNode'
		[01]: 'UCxWorkplaneNode'
		[02]: 'UCxWorkaxisNode'
		[03]: 'UCxWorkpointNode'
		[04]: 'PMxBodyNode'
		[05]: 'SCxSketchNode'
		[06]: 'PMxSingleFeatureOutline'
		[07]: 'PMxPartDrawAttr'
		[08]: 'RDxComponent'
		[09]: 'RDxModelerTxnMgr'
		[0A]: 'RDxBody'
		[0B]: 'PMxEntryManager'
		[0C]: 'BRxEntry'
		[0D]: 'PMxPartRepresentation'
		[0E]: 'NBxItem'
	Segments:
		FWxDesignViewManagerType:DesignViewSegment, count=(0/1), ID={6996DEE7-FD7D-4A22-B2ED-36237F8BD867}, value1=0000, arr1=[0000,0002,0001,000D,000D], arr2=[006A,0000], value2=0001, Version 23.0.0 [40,00,00,F0,23]
		NotebookSegmentType:NBNotebookSegment, count=(1/2), ID={E4988CA4-37D0-444A-A165-0FD4D528331C}, value1=0000, arr1=[0000,0001,0001,0001,0001], arr2=[0002,0000], value2=0000, Version 23.0.0 [40,00,00,F0,23]
		PmAppSegmentType:PmAppSegment, count=(4/6), ID={B42CD4F4-5329-4060-B4C0-45423629FC25}, value1=0000, arr1=[0000,0010,0004,0193,0185], arr2=[0017,0000], value2=0000, Version 23.0.0 [40,00,00,F0,23]
		PmBrepSegmentType:PmBRepSegment, count=(0/1), ID={89A33402-4630-497F-B599-56585B3447ED}, value1=0000, arr1=[0000,000F,0001,000C,0008], arr2=[006D,0000], value2=0001, Version 23.0.0 [40,00,00,F0,23]
		PmBRxSegmentType:PmBrowserSegment, count=(3/21), ID={08E8DF67-310E-4C9E-8E4A-E6CC96B409FF}, value1=0000, arr1=[0000,0004,0001,001C,001C], arr2=[006D,0000], value2=0000, Version 23.0.0 [40,00,00,F0,23]
		PmDcSegmentType:PmDCSegment, count=(2/5), ID={2D88D228-3DCD-4C7D-9DB1-A3D5199B43F1}, value1=0000, arr1=[0000,003A,0006,062C,062C], arr2=[0143,0000], value2=0000, Version 23.0.0 [40,00,00,F0,23]
		PmGRxSegmentType:PmGraphicsSegment, count=(2/377), ID={8C9A26DB-D7FA-4D0A-B8BC-F537DC2909DB}, value1=0000, arr1=[0000,008C,0047,0995,08C1], arr2=[0072,0000], value2=0000, Version 23.0.0 [40,00,00,F0,23]
		PmResultSegmentType:PmResultSegment, count=(0/1), ID={1D471FC3-6E96-4D64-904E-360E60541C3A}, value1=0000, arr1=[0000,0002,0001,000D,0003], arr2=[0000,0000], value2=0001, Version 23.0.0 [40,00,00,F0,23]
