Schema: 31
UID:    {494AD955-6D3B-4354-A715-8E973EC86350}
Vrs1:   Version 23.0.0 [40,00,00,20,35]
Date1:  2023-03-27 00:07:09.717844
Vrs2:   Version 23.0.0 [40,00,00,F0,23]
Date2:  2023-03-27 00:07:09.717844
Document N:\Templates\BaseTemplates\Metric\Standard (mm).ipt was created using in-development software (11.0 Internal) and cannot be opened using production or beta software.
File Schema: 11.0.9000.24900
Software Schema: 11.0.0.27500
Saved From: 11.0 Internal
Saved On: Feb 15 14:53:15 2006
segInfo:
	UID:   {None}
	Date:  None
	Text:  ''
	U16:   000
	Text2: ''
	arr1:  [049,004]
	arr2:  []
	arr3:  []
	arr4:  []
	UID1:
		[00]: 'RDxPart'
		[01]: 'RDxPlane'
		[02]: 'RDxLine3'
		[03]: 'RDxPoint3'
		[04]: 'RDxBody'
		[05]: 'RDxPlanarSketch'
		[06]: 'RDxPoint2'
		[07]: 'RDxLine2'
		[08]: 'RDxArc2'
		[09]: 'RDxFeature'
		[0A]: 'FWxRenderingStyle'
		[0B]: 'NMxFaceMergeData'
		[0C]: 'MIxTransactablePartition'
		[0D]: 'RSeAcisEntityWrapper'
		[0E]: '9DC2A241-11D2-99CC-A000-2AA976D456C9'
		[0F]: 'RDxStopNode'
		[10]: 'RDxBrowserFolder'
		[11]: '_BodiesFolder'
		[12]: 'NBxNotebook'
		[13]: 'MIxBrepComponent'
		[14]: 'RSeAcisEntityContainer'
		[15]: 'PMxEntryManager'
		[16]: '_ViewDirectionCollection'
		[17]: 'NBxEntry'
	UID2:
		[00]: 'UCxComponentNode'
		[01]: 'UCxWorkplaneNode'
		[02]: 'UCxWorkaxisNode'
		[03]: 'UCxWorkpointNode'
		[04]: 'PMxBodyNode'
		[05]: 'SCxSketchNode'
		[06]: 'PMxSingleFeatureOutline'
		[07]: 'PMxPartDrawAttr'
		[08]: 'RDxComponent'
		[09]: 'RDxModelerTxnMgr'
		[0A]: 'RDxBody'
		[0B]: 'PMxEntryManager'
		[0C]: 'BRxEntry'
		[0D]: 'PMxPartRepresentation'
		[0E]: 'NBxItem'
	Segments:
		FWxDesignViewManagerType:DesignViewSegment, count=(0/1), ID={1CB3A12E-788A-4AE4-B9A6-B386D9C9786E}, value1=0000, arr1=[0000,0002,0001,000D,000D], arr2=[006A,0000], value2=0001, Version 23.0.0 [40,00,00,F0,23]
		NotebookSegmentType:NBNotebookSegment, count=(1/2), ID={85F67024-001A-4C82-9F0F-BCFF2A38495D}, value1=0000, arr1=[0000,0001,0001,0001,0001], arr2=[0002,0000], value2=0000, Version 23.0.0 [40,00,00,F0,23]
		PmAppSegmentType:PmAppSegment, count=(4/6), ID={0EE7631A-6B1B-42BB-A73D-A019BD9C4E71}, value1=0000, arr1=[0000,0010,0004,0193,0185], arr2=[0017,0000], value2=0000, Version 23.0.0 [40,00,00,F0,23]
		PmBrepSegmentType:PmBRepSegment, count=(0/1), ID={587A298B-6D13-4E14-AF9E-DE7C5B69A4EA}, value1=0000, arr1=[0000,0009,0001,002E,0008], arr2=[006D,0000], value2=0001, Version 23.0.0 [40,00,00,F0,23]
		PmBRxSegmentType:PmBrowserSegment, count=(3/55), ID={9C0D6CFD-3D28-47B8-B6B9-4FCCF05D98DA}, value1=0000, arr1=[0000,0007,0001,003E,003E], arr2=[006D,0000], value2=0000, Version 23.0.0 [40,00,00,F0,23]
		PmDcSegmentType:PmDCSegment, count=(2/5), ID={079E2DBA-2B94-405A-B07B-AF38D5309FD3}, value1=0000, arr1=[0000,0051,0006,0704,0704], arr2=[0143,0000], value2=0000, Version 23.0.0 [40,00,00,F0,23]
		PmGRxSegmentType:PmGraphicsSegment, count=(2/232), ID={D23B46CB-4E98-462C-8FAE-621E8783A59F}, value1=0000, arr1=[0000,0058,0008,0745,045F], arr2=[0072,0000], value2=0000, Version 23.0.0 [40,00,00,F0,23]
		PmResultSegmentType:PmResultSegment, count=(0/1), ID={E7EE4B06-E948-4C2F-B598-59BBCCB04CD5}, value1=0000, arr1=[0000,0003,0001,0040,0003], arr2=[0000,0000], value2=0001, Version 23.0.0 [40,00,00,F0,23]
