[2019]
(0001): AcisEntityContainer 
	wrappers[0000] = (0003): AsmEntityWrapper indexDC=0002 u8_0=00  wrapperIdx=0000
		asm = (0016): ASM u32_0=031D schema=002A fmt="ASM BinaryFile4" SAT=<Acis.AcisReader object at 0x7f0702fc07c0> nameMatches={3:[-957 NMx_Generated_Brep_tag-NMx_Brep_Name_tag-NMx_Brep_tag-NamingMatching-attrib $-1 -1 $-1 $-1 $716 42 1 309 -1 3 0 2 #,-1195 NMx_Generated_Brep_tag-NMx_Brep_Name_tag-NMx_Brep_tag-NamingMatching-attrib $-1 -1 $-1 $-1 $934 42 1 98 -1 3 0 2 #,-1587 NMx_Generated_Brep_tag-NMx_Brep_Name_tag-NMx_Brep_tag-NamingMatching-attrib $-1 -1 $-1 $-1 $1420 42 1 350 -1 3 0 2 #],6:[-986 NMx_Generated_Brep_tag-NMx_Brep_Name_tag-NMx_Brep_tag-NamingMatching-attrib $-1 -1 $-1 $-1 $739 42 1 98 -1 6 0 2 #],4:[-990 NMx_Generated_Brep_tag-NMx_Brep_Name_tag-NMx_Brep_tag-NamingMatching-attrib $-1 -1 $-1 $-1 $743 42 1 98 -1 4 0 1 #,-1291 NMx_Generated_Brep_tag-NMx_Brep_Name_tag-NMx_Brep_tag-NamingMatching-attrib $-1 -1 $-1 $-1 $1045 42 1 309 -1 4 0 1 #,-1769 NMx_Generated_Brep_tag-NMx_Brep_Name_tag-NMx_Brep_tag-NamingMatching-attrib $-1 -1 $-1 $-1 $1700 42 1 350 -1 4 0 1 #],2:[-992 NMx_Generated_Brep_tag-NMx_Brep_Name_tag-NMx_Brep_tag-NamingMatching-attrib $-1 -1 $-1 $-1 $746 42 1 98 -1 2 0 1 #,-1217 NMx_Generated_Brep_tag-NMx_Brep_Name_tag-NMx_Brep_tag-NamingMatching-attrib $-1 -1 $-1 $-1 $958 42 1 309 -1 2 0 1 #,-1708 NMx_Generated_Brep_tag-NMx_Brep_Name_tag-NMx_Brep_tag-NamingMatching-attrib $-1 -1 $-1 $-1 $1588 42 1 350 -1 2 0 1 #],7:[-1044 NMx_Generated_Brep_tag-NMx_Brep_Name_tag-NMx_Brep_tag-NamingMatching-attrib $-1 -1 $-1 $-1 $792 42 1 309 -1 7 0 2 #,-1699 NMx_Generated_Brep_tag-NMx_Brep_Name_tag-NMx_Brep_tag-NamingMatching-attrib $-1 -1 $-1 $-1 $1580 42 1 350 -1 7 0 2 #],5:[-1212 NMx_Generated_Brep_tag-NMx_Brep_Name_tag-NMx_Brep_tag-NamingMatching-attrib $-1 -1 $-1 $-1 $953 42 1 309 -1 5 0 2 #,-1704 NMx_Generated_Brep_tag-NMx_Brep_Name_tag-NMx_Brep_tag-NamingMatching-attrib $-1 -1 $-1 $-1 $1583 42 1 350 -1 5 0 2 #],8:[-1245 NMx_Generated_Brep_tag-NMx_Brep_Name_tag-NMx_Brep_tag-NamingMatching-attrib $-1 -1 $-1 $-1 $989 42 1 98 -1 8 0 2 #]} dcAttributes={762:<Acis.IndexMappings object at 0x7f0702eac340>,722:<Acis.IndexMappings object at 0x7f0702ead5d0>,55:<Acis.IndexMappings object at 0x7f0702eaebc0>,98:<Acis.IndexMappings object at 0x7f0702ef04c0>,554:<Acis.IndexMappings object at 0x7f0702ef0f40>,682:<Acis.IndexMappings object at 0x7f0702ef1210>,471:<Acis.IndexMappings object at 0x7f0702ef3f40>,156:<Acis.IndexMappings object at 0x7f0601d0f580>,638:<Acis.IndexMappings object at 0x7f0601d0fc40>,594:<Acis.IndexMappings object at 0x7f0601d254e0>,514:<Acis.IndexMappings object at 0x7f0601dc5ab0>,309:<Acis.IndexMappings object at 0x7f0601dc55d0>,390:<Acis.IndexMappings object at 0x7f0601ddece0>,431:<Acis.IndexMappings object at 0x7f0601dd43a0>,228:<Acis.IndexMappings object at 0x7f0601dd57e0>,268:<Acis.IndexMappings object at 0x7f0601dd4fa0>,350:<Acis.IndexMappings object at 0x7f0601dd9240>,192:<Acis.IndexMappings object at 0x7f0601da2080>} selectedKey=80000016 delta_state=20 
			history = (0017): SatHistory s32_0=0  numbers=(2,3,4,5,6,7,8,9,10,11,12,13,14,15,16,17,18,19,20)  
				delta_states[0002] = (0018): 09780457 data_set=2 
				delta_states[0003] = (0019): 09780457 data_set=3 
				delta_states[0004] = (001A): 09780457 data_set=4 
				delta_states[0005] = (001B): 09780457 data_set=5 
				delta_states[0006] = (001C): 09780457 data_set=6 
				delta_states[0007] = (001D): 09780457 data_set=7 
				delta_states[0008] = (001E): 09780457 data_set=8 
					items[0000] = (002C): 632A4BBA  u32_0=0041  a1=(0000,0100) u16_1=100  
						*root = (0017): SatHistory
						*nameTable = (0040): NameTable
						ref_1 = (0041): 0645C2A5 u32_0=0005 lst0=() u32_1=0000 uid={00000000-0000-0000-0000-000000000000} a0=(00B4,0000) lst1=[[55,4294967295]] u32_2=0000 a1=(0000,000C,0014,0000,0000,0001,1000,0000,0000,0000) aX=(00 00 00 00)
					items[0001] = (002D): BA0B8C23  u32_0=0014   u32_1=0000   a4=(0000,0000,0000) 
						*root = (0017): SatHistory
						*nameTable = (0042): FaceMergeData
						*a5[0001] = (0040): NameTable
						*a6[0001] = (0040): NameTable
					items[0002] = (002E): 632A4BBA  u32_0=0041  a1=(0000,0200) u16_1=100  
						*root = (0017): SatHistory
						*nameTable = (0040): NameTable
						ref_1 = (0043): 0645C2A5 u32_0=0005 lst0=() u32_1=0000 uid={00000000-0000-0000-0000-000000000000} a0=(00B4,0000) lst1=[[268,4294967295]] u32_2=0000 a1=(0000,0007,0014,0000,0000,0001,1000,0000,0000,0000) aX=(00 00 00 00)
					items[0003] = (002F): BA0B8C23  u32_0=0014   u32_1=0000   a4=(0000,0000,0000) 
						*root = (0017): SatHistory
						*nameTable = (0042): FaceMergeData
						*a5[0002] = (0040): NameTable
						*a6[0002] = (0040): NameTable
					items[0004] = (0030): BA0B8C23  u32_0=0014   u32_1=0002   a4=(0000,0000,0000) 
						*root = (0017): SatHistory
						*nameTable = (0042): FaceMergeData
						*ref_1 = (0040): NameTable
						*a2[0002] = (0040): NameTable
						*a3[0001] = (0040): NameTable
						*a3[0001] = (0040): NameTable
						*a5[0001] = (0040): NameTable
						*a6[0002] = (0040): NameTable
						*a6[0001] = (0040): NameTable
				delta_states[0009] = (001F): 09780457 data_set=9 
				delta_states[000A] = (0020): 09780457 data_set=10 
				delta_states[000B] = (0021): 09780457 data_set=11 
					items[0000] = (0031): 632A4BBA  u32_0=0041  a1=(0000,0300) u16_1=100  
						*root = (0017): SatHistory
						*nameTable = (0040): NameTable
						ref_1 = (0044): 0645C2A5 u32_0=0005 lst0=() u32_1=0000 uid={00000000-0000-0000-0000-000000000000} a0=(00B4,0000) lst1=[[55,4294967295]] u32_2=0000 a1=(0000,0003,0014,0000,0000,0001,1000,0000,0000,0000) aX=(00 00 00 00)
					items[0001] = (0032): BA0B8C23  u32_0=0014   u32_1=0000   a4=(0000,0000,0000) 
						*root = (0017): SatHistory
						*nameTable = (0042): FaceMergeData
						*a5[0003] = (0040): NameTable
						*a6[0003] = (0040): NameTable
					items[0002] = (0033): 632A4BBA  u32_0=0041  a1=(0000,0400) u16_1=100  
						*root = (0017): SatHistory
						*nameTable = (0040): NameTable
						ref_1 = (0045): 0645C2A5 u32_0=0005 lst0=() u32_1=0000 uid={00000000-0000-0000-0000-000000000000} a0=(00B4,0000) lst1=[[390,4294967295]] u32_2=0000 a1=(0000,0003,0014,0000,0000,0001,1000,0000,0000,0000) aX=(00 00 00 00)
					items[0003] = (0034): BA0B8C23  u32_0=0014   u32_1=0000   a4=(0000,0000,0000) 
						*root = (0017): SatHistory
						*nameTable = (0042): FaceMergeData
						*a5[0004] = (0040): NameTable
						*a6[0004] = (0040): NameTable
					items[0004] = (0035): BA0B8C23  u32_0=0014   u32_1=0004   a4=(0000,0000,0000) 
						*root = (0017): SatHistory
						*nameTable = (0042): FaceMergeData
						*ref_1 = (0040): NameTable
						*a2[0004] = (0040): NameTable
						*a3[0003] = (0040): NameTable
						*a3[0003] = (0040): NameTable
						*a5[0003] = (0040): NameTable
						*a6[0004] = (0040): NameTable
						*a6[0003] = (0040): NameTable
				delta_states[000C] = (0022): 09780457 data_set=12 
				delta_states[000D] = (0023): 09780457 data_set=13 
				delta_states[000E] = (0024): 09780457 data_set=14 
				delta_states[000F] = (0025): 09780457 data_set=15 
				delta_states[0010] = (0026): 09780457 data_set=16 
				delta_states[0011] = (0027): 09780457 data_set=17 
					items[0000] = (0036): 632A4BBA  u32_0=0041  a1=(0000,0500) u16_1=100  
						*root = (0017): SatHistory
						*nameTable = (0040): NameTable
						ref_1 = (0046): 0645C2A5 u32_0=0005 lst0=() u32_1=0000 uid={00000000-0000-0000-0000-000000000000} a0=(00B4,0000) lst1=[[350,4294967295]] u32_2=0000 a1=(0000,0000,0004,0000,0000,0000,0000,0000,0000,0000)
					items[0001] = (0037): BA0B8C23  u32_0=0014   u32_1=0000   a4=(0000,0000,0000) 
						*root = (0017): SatHistory
						*nameTable = (0042): FaceMergeData
						*a5[0005] = (0040): NameTable
						*a6[0005] = (0040): NameTable
					items[0002] = (0038): 632A4BBA  u32_0=0041  a1=(0000,0600) u16_1=100  
						*root = (0017): SatHistory
						*nameTable = (0040): NameTable
						ref_1 = (0047): 0645C2A5 u32_0=0005 lst0=() u32_1=0000 uid={00000000-0000-0000-0000-000000000000} a0=(00B4,0000) lst1=[[638,4294967295]] u32_2=0000 a1=(0000,0005,0014,0000,0000,0001,1000,0000,0000,0000) aX=(00 00 00 00)
					items[0003] = (0039): BA0B8C23  u32_0=0014   u32_1=0000   a4=(0000,0000,0000) 
						*root = (0017): SatHistory
						*nameTable = (0042): FaceMergeData
						*a5[0006] = (0040): NameTable
						*a6[0006] = (0040): NameTable
					items[0004] = (003A): BA0B8C23  u32_0=0014   u32_1=0006   a4=(0000,0000,0000) 
						*root = (0017): SatHistory
						*nameTable = (0042): FaceMergeData
						*ref_1 = (0040): NameTable
						*a2[0006] = (0040): NameTable
						*a3[0005] = (0040): NameTable
						*a3[0005] = (0040): NameTable
						*a5[0005] = (0040): NameTable
						*a6[0006] = (0040): NameTable
						*a6[0005] = (0040): NameTable
				delta_states[0012] = (0028): 09780457 data_set=18 
					items[0000] = (003B): 632A4BBA  u32_0=0041  a1=(0000,0700) u16_1=100  
						*root = (0017): SatHistory
						*nameTable = (0040): NameTable
						ref_1 = (0048): 0645C2A5 u32_0=0005 lst0=() u32_1=0000 uid={00000000-0000-0000-0000-000000000000} a0=(00B4,0000) lst1=[[309,4294967295]] u32_2=0000 a1=(0000,0000,0004,0000,0000,0000,0000,0000,0000,0000)
					items[0001] = (003C): BA0B8C23  u32_0=0014   u32_1=0000   a4=(0000,0000,0000) 
						*root = (0017): SatHistory
						*nameTable = (0042): FaceMergeData
						*a5[0007] = (0040): NameTable
						*a6[0007] = (0040): NameTable
					items[0002] = (003D): 632A4BBA  u32_0=0041  a1=(0000,0800) u16_1=100  
						*root = (0017): SatHistory
						*nameTable = (0040): NameTable
						ref_1 = (0049): 0645C2A5 u32_0=0005 lst0=() u32_1=0000 uid={00000000-0000-0000-0000-000000000000} a0=(00B4,0000) lst1=[[682,4294967295]] u32_2=0000 a1=(0000,0007,0014,0000,0000,0001,1000,0000,0000,0000) aX=(00 00 00 00)
					items[0003] = (003E): BA0B8C23  u32_0=0014   u32_1=0000   a4=(0000,0000,0000) 
						*root = (0017): SatHistory
						*nameTable = (0042): FaceMergeData
						*a5[0008] = (0040): NameTable
						*a6[0008] = (0040): NameTable
					items[0004] = (003F): BA0B8C23  u32_0=0014   u32_1=0008   a4=(0000,0000,0000) 
						*root = (0017): SatHistory
						*nameTable = (0042): FaceMergeData
						*ref_1 = (0040): NameTable
						*a2[0008] = (0040): NameTable
						*a3[0007] = (0040): NameTable
						*a3[0007] = (0040): NameTable
						*a5[0007] = (0040): NameTable
						*a6[0008] = (0040): NameTable
						*a6[0007] = (0040): NameTable
				delta_states[0013] = (0029): 09780457 data_set=19 
				delta_states[0014] = (002A): 09780457 data_set=20 
				ref_1 = (002B): 09780457 data_set=-1 
(0002): BrepComponent  length="mm" angle="deg"
	components[0037] = (0004): 66085B35dcCreatorIdx=0037 u16_0=102 
	components[0062] = (0005): ABD292FDdcCreatorIdx=0062 u16_0=102  aX=(01 00 00 00 00 00 06 00 02 00 00 00 20 9E 99 99 99 99 C9 3F 67 66 66 66 66 66 02 40 00 00 00 00 00 00 00 00 00 00 00 00 00 00 01 00 00 00 00 00 00 00 00 00 00 00 00 00 00 00 00 02 00 00 00 01 00 00 00 00 00 00 00 00 00 00 00 00)
	components[009C] = (0006): 66085B35dcCreatorIdx=009C u16_0=102 
	components[00C0] = (0007): 66085B35dcCreatorIdx=00C0 u16_0=102 
	components[00E4] = (0008): 66085B35dcCreatorIdx=00E4 u16_0=102 
	components[010C] = (0009): 66085B35dcCreatorIdx=010C u16_0=102 
	components[0135] = (000A): 66085B35dcCreatorIdx=0135 u16_0=102 
	components[015E] = (000B): 66085B35dcCreatorIdx=015E u16_0=102 
	components[0186] = (000C): 66085B35dcCreatorIdx=0186 u16_0=102 
	components[01AF] = (000D): 66085B35dcCreatorIdx=01AF u16_0=102 
	components[01D7] = (000E): 66085B35dcCreatorIdx=01D7 u16_0=102 
	components[0202] = (000F): 66085B35dcCreatorIdx=0202 u16_0=102 
	components[022A] = (0010): 66085B35dcCreatorIdx=022A u16_0=102 
	components[0252] = (0011): 66085B35dcCreatorIdx=0252 u16_0=102 
	components[027E] = (0012): 66085B35dcCreatorIdx=027E u16_0=102 
	components[02AA] = (0013): 66085B35dcCreatorIdx=02AA u16_0=102 
	components[02D2] = (0014): 66085B35dcCreatorIdx=02D2 u16_0=102 
	components[02FA] = (0015): 66085B35dcCreatorIdx=02FA u16_0=102 
(0040): NameTable  lastIdx=0008 
	entries[0001] = (004A): 0645C2A5 u32_0=0005 lst0=() u32_1=0000 uid={00000000-0000-0000-0000-000000000000} a0=(00B4,0000) lst1=[[55,4294967295]] u32_2=0000 a1=(0000,000C,0014,0000,0000,0001,1000,0000,0000,0000) aX=(00 00 00 00)
	entries[0002] = (004B): 0645C2A5 u32_0=0005 lst0=() u32_1=0000 uid={00000000-0000-0000-0000-000000000000} a0=(00B4,0000) lst1=[[268,4294967295]] u32_2=0000 a1=(0000,0007,0014,0000,0000,0001,1000,0000,0000,0000) aX=(00 00 00 00)
	entries[0003] = (004C): 0645C2A5 u32_0=0005 lst0=() u32_1=0000 uid={00000000-0000-0000-0000-000000000000} a0=(00B4,0000) lst1=[[55,4294967295]] u32_2=0000 a1=(0000,0003,0014,0000,0000,0001,1000,0000,0000,0000) aX=(00 00 00 00)
	entries[0004] = (004D): 0645C2A5 u32_0=0005 lst0=() u32_1=0000 uid={00000000-0000-0000-0000-000000000000} a0=(00B4,0000) lst1=[[390,4294967295]] u32_2=0000 a1=(0000,0003,0014,0000,0000,0001,1000,0000,0000,0000) aX=(00 00 00 00)
	entries[0005] = (004E): 0645C2A5 u32_0=0005 lst0=() u32_1=0000 uid={00000000-0000-0000-0000-000000000000} a0=(00B4,0000) lst1=[[350,4294967295]] u32_2=0000 a1=(0000,0000,0004,0000,0000,0000,0000,0000,0000,0000)
	entries[0006] = (004F): 0645C2A5 u32_0=0005 lst0=() u32_1=0000 uid={00000000-0000-0000-0000-000000000000} a0=(00B4,0000) lst1=[[638,4294967295]] u32_2=0000 a1=(0000,0005,0014,0000,0000,0001,1000,0000,0000,0000) aX=(00 00 00 00)
	entries[0007] = (0050): 0645C2A5 u32_0=0005 lst0=() u32_1=0000 uid={00000000-0000-0000-0000-000000000000} a0=(00B4,0000) lst1=[[309,4294967295]] u32_2=0000 a1=(0000,0000,0004,0000,0000,0000,0000,0000,0000,0000)
	entries[0008] = (0051): 0645C2A5 u32_0=0005 lst0=() u32_1=0000 uid={00000000-0000-0000-0000-000000000000} a0=(00B4,0000) lst1=[[682,4294967295]] u32_2=0000 a1=(0000,0007,0014,0000,0000,0001,1000,0000,0000,0000) aX=(00 00 00 00)
(0042): FaceMergeData s32_0=0   lst1=[[(80000040,0001,80000040),(0001,FFFFFFFF)],[(80000040,0001,80000040),(0002,0000)],[(80000040,0003,80000040),(0003,FFFFFFFF)],[(80000040,0003,80000040),(0004,0002)],[(80000040,0005,80000040),(0005,FFFFFFFF)],[(80000040,0005,80000040),(0006,0004)],[(80000040,0007,80000040),(0007,FFFFFFFF)],[(80000040,0007,80000040),(0008,0006)]] lst2=[[(80000040,0001,80000040),(0001)],[(80000040,0002,80000040),(0001)],[(80000040,0003,80000040),(0003)],[(80000040,0004,80000040),(0003)],[(80000040,0005,80000040),(0005)],[(80000040,0006,80000040),(0005)],[(80000040,0007,80000040),(0007)],[(80000040,0008,80000040),(0007)]] lst3=[]
	*nameTable = (0040): NameTable
	*lst0[1,1] =(0040): NameTable
	*lst0[3,3] =(0040): NameTable
	*lst0[5,5] =(0040): NameTable
	*lst0[7,7] =(0040): NameTable
(0052): AcisEntityContainer 
