[2019]
(0001): 128AAF24 lst1=[(2,(55,98,156,192,228,268,309,350,390,431,471,514,554,594,638,682,722,762),1,2,(),Vector (-1.4000000000000001, -0.19798989873223002, -0.19798989873223005),Vector (1.4000000000000004, 5.7, 5.700000000000001))] lst2=[(0037,0001),(0062,0000),(009C,0000),(00C0,0000),(00E4,0000),(010C,0001),(0135,0001),(015E,0001),(0186,0001),(01AF,0000),(01D7,0000),(0202,0001),(022A,0000),(0252,0000),(027E,0000),(02AA,0000),(02D2,0000),(02FA,0000)] lst3=[(14,1,1,0,0,-0.0207107,-0.0207107,0,5.7,5.7),(73,1,1,0,-0.9,0.579289,0.579289,-0.9,5.6,5.6),(115,1,1,0,0,-0.0207107,-0.0207107,0,0.46669,0.46669),(173,1,1,0,0,5.17574,0,0,5.6,0.212132),(209,1,1,0,0,0,5.17574,0,0.212132,5.6),(245,1,1,0,0,5.3313,-0.19799,0,5.6,0.0707107),(286,1,1,0,-0.4,-0.19799,0.226274,0.4,0.0212132,0.445477),(327,1,1,0,-0.4,0.226274,-0.19799,0.4,0.445477,0.0212132),(367,1,1,0,0,-0.19799,5.3313,0,0.0707107,5.6),(408,1,1,0,-0.9,0,5.25,-0.9,0.377595,5.7),(448,1,1,0,-0.9,5.25,0,-0.9,5.7,0.377595),(489,1,1,0,0.9,0.579289,0.579289,0.9,1.30711,1.30711),(531,1,1,0,0.9,5.25,0,0.9,5.7,0.377595),(571,1,1,0,0.9,0,5.25,0.9,0.377595,5.7),(611,1,1,0,0,0.445477,0,0,2.1,0.6),(655,1,1,0,0,0,0.445477,0,0.6,2.1),(699,1,1,0,0,3.4,0,0,5.1,0.6),(739,1,1,0,0,0,3.4,0,0.6,5.1)] lst4=[] lst5={} lst6=[(0002,0100,0037,(0037,0062,009C,00C0,00E4,010C,0135,015E,0186,01AF,01D7,0202,022A,0252,027E,02AA,02D2,02FA))] lst7=[] u8_1=01 lst8=[] u8_2=01
(0002): F645595C u32_0=071D schema=002A u32_2=0000 u8_0=01 s32_0=-1  lastKey=35
	ref_1 = (0003): SatHistory s32_0=0  numbers=(0,1,2,3,4,5,6,7,8,9,10,11,12,13,14,15,16,17,18,19,20,21,22,23,24,25,26,27,28,29,30,31,32,33,34,35)  
		delta_states[0000] = (0004): 09780457 delta_state=0 
		delta_states[0001] = (0005): 09780457 delta_state=1 
			lst0[0000] = (0029): 809BE56Froot=80000003  flags=1004 ref_0=80000001 aX=(00 01)
			lst0[0001] = (002A): 80CAECF1root=80000003  flags=400004 ref_0=80000001 aX=(00 01)
			lst0[0002] = (002B): E9B04618root=80000003  flags=1000004 ref_0=80000001 aX=(00 01)
			lst0[0003] = (002C): 0E70AF5Croot=80000003  flags=2004 ref_0=80000001 dcBodyIdx=0002
			lst0[0004] = (002D): 3E0040FDroot=80000003  flags=8004 ref_0=80000001 dcBodyIdx=0002 dcCreatorIdx=0037
			lst0[0005] = (002E): E065E15Aroot=80000003  flags=800004 ref_0=80000001 dcBodyIdx=0002 u32_0=0000 dcCreatorIdx=0037
			lst0[0006] = (002F): 9147489Aroot=80000003  flags=80004 ref_0=80000001 dcBodyIdx=0002 aX=(00 01)
		delta_states[0002] = (0006): 09780457 delta_state=2 
		delta_states[0003] = (0007): 09780457 delta_state=3 
			lst0[0000] = (0030): 3E0040FDroot=80000003  flags=8004 ref_0=80000001 dcBodyIdx=0002 dcCreatorIdx=0062
		delta_states[0004] = (0008): 09780457 delta_state=4 
		delta_states[0005] = (0009): 09780457 delta_state=5 
			lst0[0000] = (0031): 3E0040FDroot=80000003  flags=8004 ref_0=80000001 dcBodyIdx=0002 dcCreatorIdx=009C
		delta_states[0006] = (000A): 09780457 delta_state=6 
		delta_states[0007] = (000B): 09780457 delta_state=7 
			lst0[0000] = (0032): 3E0040FDroot=80000003  flags=8004 ref_0=80000001 dcBodyIdx=0002 dcCreatorIdx=00C0
		delta_states[0008] = (000C): 09780457 delta_state=8 
		delta_states[0009] = (000D): 09780457 delta_state=9 
			lst0[0000] = (0033): 3E0040FDroot=80000003  flags=8004 ref_0=80000001 dcBodyIdx=0002 dcCreatorIdx=00E4
		delta_states[000A] = (000E): 09780457 delta_state=10 
		delta_states[000B] = (000F): 09780457 delta_state=11 
			lst0[0000] = (0034): 3E0040FDroot=80000003  flags=8004 ref_0=80000001 dcBodyIdx=0002 dcCreatorIdx=010C
		delta_states[000C] = (0010): 09780457 delta_state=12 
		delta_states[000D] = (0011): 09780457 delta_state=13 
			lst0[0000] = (0035): 3E0040FDroot=80000003  flags=8004 ref_0=80000001 dcBodyIdx=0002 dcCreatorIdx=0135
		delta_states[000E] = (0012): 09780457 delta_state=14 
		delta_states[000F] = (0013): 09780457 delta_state=15 
			lst0[0000] = (0036): 3E0040FDroot=80000003  flags=8004 ref_0=80000001 dcBodyIdx=0002 dcCreatorIdx=015E
		delta_states[0010] = (0014): 09780457 delta_state=16 
		delta_states[0011] = (0015): 09780457 delta_state=17 
			lst0[0000] = (0037): 3E0040FDroot=80000003  flags=8004 ref_0=80000001 dcBodyIdx=0002 dcCreatorIdx=0186
		delta_states[0012] = (0016): 09780457 delta_state=18 
		delta_states[0013] = (0017): 09780457 delta_state=19 
			lst0[0000] = (0038): 3E0040FDroot=80000003  flags=8004 ref_0=80000001 dcBodyIdx=0002 dcCreatorIdx=01AF
		delta_states[0014] = (0018): 09780457 delta_state=20 
		delta_states[0015] = (0019): 09780457 delta_state=21 
			lst0[0000] = (0039): 3E0040FDroot=80000003  flags=8004 ref_0=80000001 dcBodyIdx=0002 dcCreatorIdx=01D7
		delta_states[0016] = (001A): 09780457 delta_state=22 
		delta_states[0017] = (001B): 09780457 delta_state=23 
			lst0[0000] = (003A): 3E0040FDroot=80000003  flags=8004 ref_0=80000001 dcBodyIdx=0002 dcCreatorIdx=0202
		delta_states[0018] = (001C): 09780457 delta_state=24 
		delta_states[0019] = (001D): 09780457 delta_state=25 
			lst0[0000] = (003B): 3E0040FDroot=80000003  flags=8004 ref_0=80000001 dcBodyIdx=0002 dcCreatorIdx=022A
		delta_states[001A] = (001E): 09780457 delta_state=26 
		delta_states[001B] = (001F): 09780457 delta_state=27 
			lst0[0000] = (003C): 3E0040FDroot=80000003  flags=8004 ref_0=80000001 dcBodyIdx=0002 dcCreatorIdx=0252
		delta_states[001C] = (0020): 09780457 delta_state=28 
		delta_states[001D] = (0021): 09780457 delta_state=29 
			lst0[0000] = (003D): 3E0040FDroot=80000003  flags=8004 ref_0=80000001 dcBodyIdx=0002 dcCreatorIdx=027E
		delta_states[001E] = (0022): 09780457 delta_state=30 
		delta_states[001F] = (0023): 09780457 delta_state=31 
			lst0[0000] = (003E): 3E0040FDroot=80000003  flags=8004 ref_0=80000001 dcBodyIdx=0002 dcCreatorIdx=02AA
		delta_states[0020] = (0024): 09780457 delta_state=32 
		delta_states[0021] = (0025): 09780457 delta_state=33 
			lst0[0000] = (003F): 3E0040FDroot=80000003  flags=8004 ref_0=80000001 dcBodyIdx=0002 dcCreatorIdx=02D2
		delta_states[0022] = (0026): 09780457 delta_state=34 
		delta_states[0023] = (0027): 09780457 delta_state=35 
			lst0[0000] = (0040): 3E0040FDroot=80000003  flags=8004 ref_0=80000001 dcBodyIdx=0002 dcCreatorIdx=02FA
		ref_1 = (0028): 09780457 delta_state=-1 
